<?xml version="1.0" encoding="UTF-8"?>
<!-- Generated by org.testng.reporters.JUnitXMLReporter -->
<testsuite hostname="LAPTOP-642ERP7L" ignored="0" name="Test" tests="1" failures="1" timestamp="20 Oct 2020 11:57:08 GMT" time="47.262" errors="0">
  <testcase name="LoginVtiger" time="0.126" classname="com.automation.testcases.Login">
    <failure type="java.lang.NullPointerException">
      <![CDATA[java.lang.NullPointerException
	at com.automation.testcases.Login.LoginVtiger(Login.java:21)
... Removed 25 stack frames]]>
    </failure>
  </testcase> <!-- LoginVtiger -->
</testsuite> <!-- Test -->
